Using pre-set license
Built from '2021.2/staging' branch; Version is '2021.2.7f1 (6bd9e232123f) revision 7068130'; Using compiler version '192829333'; Build Type 'Release'
OS: 'Windows 10  (10.0.19044) 64bit Professional' Language: 'zh' Physical Memory: 65443 MB
BatchMode: 1, IsHumanControllingUs: 0, StartBugReporterOnCrash: 0, Is64bit: 1, IsPro: 0

COMMAND LINE ARGUMENTS:
C:\Program Files\Unity\Hub\Editor\2021.2.7f1\Editor\Unity.exe
-adb2
-batchMode
-noUpm
-name
AssetImportWorker5
-projectPath
C:/work/Unity/Project/PetTradeGame/PetTradeGame
-logFile
Logs/AssetImportWorker5.log
-srvPort
58561
Successfully changed project path to: C:/work/Unity/Project/PetTradeGame/PetTradeGame
C:/work/Unity/Project/PetTradeGame/PetTradeGame
[UnityMemory] Configuration Parameters - Can be set up in boot.config
    "memorysetup-bucket-allocator-granularity=16"
    "memorysetup-bucket-allocator-bucket-count=8"
    "memorysetup-bucket-allocator-block-size=33554432"
    "memorysetup-bucket-allocator-block-count=8"
    "memorysetup-main-allocator-block-size=16777216"
    "memorysetup-thread-allocator-block-size=16777216"
    "memorysetup-gfx-main-allocator-block-size=16777216"
    "memorysetup-gfx-thread-allocator-block-size=16777216"
    "memorysetup-cache-allocator-block-size=4194304"
    "memorysetup-typetree-allocator-block-size=2097152"
    "memorysetup-profiler-bucket-allocator-granularity=16"
    "memorysetup-profiler-bucket-allocator-bucket-count=8"
    "memorysetup-profiler-bucket-allocator-block-size=33554432"
    "memorysetup-profiler-bucket-allocator-block-count=8"
    "memorysetup-profiler-allocator-block-size=16777216"
    "memorysetup-profiler-editor-allocator-block-size=1048576"
    "memorysetup-temp-allocator-size-main=16777216"
    "memorysetup-job-temp-allocator-block-size=2097152"
    "memorysetup-job-temp-allocator-block-size-background=1048576"
    "memorysetup-job-temp-allocator-reduction-small-platforms=262144"
    "memorysetup-temp-allocator-size-background-worker=32768"
    "memorysetup-temp-allocator-size-job-worker=262144"
    "memorysetup-temp-allocator-size-preload-manager=33554432"
    "memorysetup-temp-allocator-size-nav-mesh-worker=65536"
    "memorysetup-temp-allocator-size-audio-worker=65536"
    "memorysetup-temp-allocator-size-cloud-worker=32768"
    "memorysetup-temp-allocator-size-gi-baking-worker=262144"
    "memorysetup-temp-allocator-size-gfx=262144"
Refreshing native plugins compatible for Editor in 99.37 ms, found 4 plugins.
Preloading 0 native plugins for Editor in 0.00 ms.
Initialize engine version: 2021.2.7f1 (6bd9e232123f)
[Subsystems] Discovering subsystems at path C:/Program Files/Unity/Hub/Editor/2021.2.7f1/Editor/Data/Resources/UnitySubsystems
[Subsystems] Discovering subsystems at path C:/work/Unity/Project/PetTradeGame/PetTradeGame/Assets
GfxDevice: creating device client; threaded=0; jobified=0
Direct3D:
    Version:  Direct3D 11.0 [level 11.1]
    Renderer: NVIDIA GeForce RTX 3080 (ID=0x2216)
    Vendor:   NVIDIA
    VRAM:     10078 MB
    Driver:   30.0.14.9676
Initialize mono
Mono path[0] = 'C:/Program Files/Unity/Hub/Editor/2021.2.7f1/Editor/Data/Managed'
Mono path[1] = 'C:/Program Files/Unity/Hub/Editor/2021.2.7f1/Editor/Data/MonoBleedingEdge/lib/mono/unityjit-win32'
Mono config path = 'C:/Program Files/Unity/Hub/Editor/2021.2.7f1/Editor/Data/MonoBleedingEdge/etc'
Using monoOptions --debugger-agent=transport=dt_socket,embedding=1,server=y,suspend=n,address=127.0.0.1:56780
Begin MonoManager ReloadAssembly
Registering precompiled unity dll's ...
Register platform support module: C:/Program Files/Unity/Hub/Editor/2021.2.7f1/Editor/Data/PlaybackEngines/WindowsStandaloneSupport/UnityEditor.WindowsStandalone.Extensions.dll
Registered in 0.008381 seconds.
Native extension for WindowsStandalone target not found
Refreshing native plugins compatible for Editor in 97.25 ms, found 4 plugins.
Preloading 0 native plugins for Editor in 0.00 ms.
Mono: successfully reloaded assembly
- Completed reload, in  0.591 seconds
Domain Reload Profiling:
	ReloadAssembly (591ms)
		BeginReloadAssembly (70ms)
			ExecutionOrderSort (0ms)
			DisableScriptedObjects (0ms)
			BackupInstance (0ms)
			ReleaseScriptingObjects (0ms)
			CreateAndSetChildDomain (1ms)
		EndReloadAssembly (443ms)
			LoadAssemblies (68ms)
			RebuildTransferFunctionScriptingTraits (0ms)
			SetupTypeCache (99ms)
			ReleaseScriptCaches (0ms)
			RebuildScriptCaches (22ms)
			SetupLoadedEditorAssemblies (271ms)
				LogAssemblyErrors (0ms)
				InitializePlatformSupportModulesInManaged (13ms)
				SetLoadedEditorAssemblies (0ms)
				RefreshPlugins (97ms)
				BeforeProcessingInitializeOnLoad (1ms)
				ProcessInitializeOnLoadAttributes (116ms)
				ProcessInitializeOnLoadMethodAttributes (43ms)
				AfterProcessingInitializeOnLoad (0ms)
				EditorAssembliesLoaded (0ms)
			ExecutionOrderSort2 (0ms)
			AwakeInstancesAfterBackupRestoration (0ms)
Platform modules already initialized, skipping
Registering precompiled user dll's ...
Registered in 0.008635 seconds.
Begin MonoManager ReloadAssembly
Symbol file LoadedFromMemory doesn't match image C:\work\Unity\Project\PetTradeGame\PetTradeGame\Library\PackageCache\com.unity.visualscripting@1.7.6\Editor\VisualScripting.Core\Dependencies\YamlDotNet\Unity.VisualScripting.YamlDotNet.dll
Symbol file LoadedFromMemory doesn't match image C:\work\Unity\Project\PetTradeGame\PetTradeGame\Library\PackageCache\com.unity.visualscripting@1.7.6\Editor\VisualScripting.Core\Dependencies\DotNetZip\Unity.VisualScripting.IonicZip.dll
Native extension for WindowsStandalone target not found
Refreshing native plugins compatible for Editor in 83.68 ms, found 4 plugins.
Preloading 0 native plugins for Editor in 0.00 ms.
Mono: successfully reloaded assembly
- Completed reload, in  1.405 seconds
Domain Reload Profiling:
	ReloadAssembly (1406ms)
		BeginReloadAssembly (115ms)
			ExecutionOrderSort (0ms)
			DisableScriptedObjects (5ms)
			BackupInstance (0ms)
			ReleaseScriptingObjects (0ms)
			CreateAndSetChildDomain (19ms)
		EndReloadAssembly (1194ms)
			LoadAssemblies (92ms)
			RebuildTransferFunctionScriptingTraits (0ms)
			SetupTypeCache (221ms)
			ReleaseScriptCaches (1ms)
			RebuildScriptCaches (49ms)
			SetupLoadedEditorAssemblies (804ms)
				LogAssemblyErrors (0ms)
				InitializePlatformSupportModulesInManaged (9ms)
				SetLoadedEditorAssemblies (0ms)
				RefreshPlugins (84ms)
				BeforeProcessingInitializeOnLoad (89ms)
				ProcessInitializeOnLoadAttributes (583ms)
				ProcessInitializeOnLoadMethodAttributes (29ms)
				AfterProcessingInitializeOnLoad (9ms)
				EditorAssembliesLoaded (0ms)
			ExecutionOrderSort2 (0ms)
			AwakeInstancesAfterBackupRestoration (6ms)
Platform modules already initialized, skipping
========================================================================
Worker process is ready to serve import requests
Launched and connected shader compiler UnityShaderCompiler.exe after 0.06 seconds
Refreshing native plugins compatible for Editor in 0.91 ms, found 4 plugins.
Preloading 0 native plugins for Editor in 0.00 ms.
Unloading 3938 Unused Serialized files (Serialized files now loaded: 0)
Unloading 46 unused Assets / (225.9 KB). Loaded Objects now: 4396.
Memory consumption went from 149.8 MB to 149.6 MB.
Total: 3.285500 ms (FindLiveObjects: 0.330300 ms CreateObjectMapping: 0.101500 ms MarkObjects: 2.724300 ms  DeleteObjects: 0.128200 ms)

AssetImportParameters requested are different than current active one (requested -> active):
  custom:video-decoder-ogg-theora: a1e56fd34408186e4bbccfd4996cb3dc -> 
  custom:container-muxer-webm: aa71ff27fc2769a1b78a27578f13a17b -> 
  custom:container-demuxer-webm: 4f35f7cbe854078d1ac9338744f61a02 -> 
  custom:video-encoder-webm-vp8: eb34c28f22e8b96e1ab97ce403110664 -> 
  custom:audio-encoder-webm-vorbis: bf7c407c2cedff20999df2af8eb42d56 -> 
  custom:framework-win-MediaFoundation: 216162199b28c13a410421893ffa2e32 -> 
  custom:container-demuxer-ogg: 62fdf1f143b41e24485cea50d1cbac27 -> 
  custom:video-decoder-webm-vp8: 9c59270c3fd7afecdb556c50c9e8de78 -> 
  custom:audio-decoder-ogg-vorbis: bf7c407c2cedff20999df2af8eb42d56 -> 
========================================================================
Received Import Request.
  Time since last request: 2871277.020234 seconds.
  path: Assets/Game/Textures/UI/HandBook/上班指南_cover.png
  artifactKey: Guid(9b82dd90af97230439b6ad4b6118d0c3) Importer(815301076,1909f56bfc062723c751e8b465ee728b)
Start importing Assets/Game/Textures/UI/HandBook/上班指南_cover.png using Guid(9b82dd90af97230439b6ad4b6118d0c3) Importer(815301076,1909f56bfc062723c751e8b465ee728b)  -> (artifact id: 'd108e339675171874e487c8b9456ffa6') in 0.232211 seconds 
========================================================================
Received Import Request.
  Time since last request: 0.000035 seconds.
  path: Assets/Game/Textures/UI/HandBook/書脊.png
  artifactKey: Guid(639d5c9ca14a5b347b44ce6d1d1d1671) Importer(815301076,1909f56bfc062723c751e8b465ee728b)
Start importing Assets/Game/Textures/UI/HandBook/書脊.png using Guid(639d5c9ca14a5b347b44ce6d1d1d1671) Importer(815301076,1909f56bfc062723c751e8b465ee728b)  -> (artifact id: '52305cd21bfa923eb5f5e52376a79f41') in 0.052593 seconds 
========================================================================
Received Import Request.
  Time since last request: 0.000032 seconds.
  path: Assets/Game/Textures/UI/HandBook/上班指南_inter p4.png
  artifactKey: Guid(afdb5857247aafd4b8b41916a6ad13f5) Importer(815301076,1909f56bfc062723c751e8b465ee728b)
Start importing Assets/Game/Textures/UI/HandBook/上班指南_inter p4.png using Guid(afdb5857247aafd4b8b41916a6ad13f5) Importer(815301076,1909f56bfc062723c751e8b465ee728b)  -> (artifact id: '424f0b548480507b36f5ca4978916090') in 0.188394 seconds 
========================================================================
Received Import Request.
  Time since last request: 0.000020 seconds.
  path: Assets/Game/Textures/UI/HandBook/上班指南_inter p3.png
  artifactKey: Guid(5984140fa7b10be498b28608a28623d2) Importer(815301076,1909f56bfc062723c751e8b465ee728b)
Start importing Assets/Game/Textures/UI/HandBook/上班指南_inter p3.png using Guid(5984140fa7b10be498b28608a28623d2) Importer(815301076,1909f56bfc062723c751e8b465ee728b)  -> (artifact id: '4a86ae1e91fff6dbb946d06dbd7233ec') in 0.129577 seconds 
========================================================================
Received Import Request.
  Time since last request: 0.000025 seconds.
  path: Assets/Game/Textures/UI/HandBook/文件和資料齊全？.png
  artifactKey: Guid(58720b5e31b1d014b9476202aa2edb62) Importer(815301076,1909f56bfc062723c751e8b465ee728b)
Start importing Assets/Game/Textures/UI/HandBook/文件和資料齊全？.png using Guid(58720b5e31b1d014b9476202aa2edb62) Importer(815301076,1909f56bfc062723c751e8b465ee728b)  -> (artifact id: 'c31772f39ad1af740b6ce31f6baa1964') in 0.041429 seconds 
========================================================================
Received Import Request.
  Time since last request: 53.184869 seconds.
  path: Assets/Game/Textures/UI/Paper/DocB.png
  artifactKey: Guid(b7a7518aa48e926498058c007853790c) Importer(815301076,1909f56bfc062723c751e8b465ee728b)
Start importing Assets/Game/Textures/UI/Paper/DocB.png using Guid(b7a7518aa48e926498058c007853790c) Importer(815301076,1909f56bfc062723c751e8b465ee728b)  -> (artifact id: '521953e4c5bffb6aca8e484262978996') in 0.022573 seconds 
========================================================================
Received Import Request.
  Time since last request: 0.000024 seconds.
  path: Assets/Game/Textures/UI/Paper/漁農署logo_false.png
  artifactKey: Guid(5af156684d596d845a666c85bd0b08c7) Importer(815301076,1909f56bfc062723c751e8b465ee728b)
Start importing Assets/Game/Textures/UI/Paper/漁農署logo_false.png using Guid(5af156684d596d845a666c85bd0b08c7) Importer(815301076,1909f56bfc062723c751e8b465ee728b)  -> (artifact id: 'ca3e59a6f1a7177605bdf3d1f37cd56e') in 0.108157 seconds 
========================================================================
Received Import Request.
  Time since last request: 0.000036 seconds.
  path: Assets/Game/Textures/UI/Paper/Stamp_false.png
  artifactKey: Guid(0ed70c7343afc6b47b49460bdecad067) Importer(815301076,1909f56bfc062723c751e8b465ee728b)
Start importing Assets/Game/Textures/UI/Paper/Stamp_false.png using Guid(0ed70c7343afc6b47b49460bdecad067) Importer(815301076,1909f56bfc062723c751e8b465ee728b)  -> (artifact id: 'e113ea6424c09bf0e8d09f3675952c89') in 0.100842 seconds 
========================================================================
Received Import Request.
  Time since last request: 14.036354 seconds.
  path: Assets/Game/Textures/UI/Paper/rejected.png
  artifactKey: Guid(ce9fedbaee182d24c94e40f3aaf68882) Importer(815301076,1909f56bfc062723c751e8b465ee728b)
Start importing Assets/Game/Textures/UI/Paper/rejected.png using Guid(ce9fedbaee182d24c94e40f3aaf68882) Importer(815301076,1909f56bfc062723c751e8b465ee728b)  -> (artifact id: 'f8f8e57ee5e912a779d84e1de5196dec') in 0.027836 seconds 
========================================================================
Received Import Request.
  Time since last request: 0.000019 seconds.
  path: Assets/Game/Textures/UI/Paper/寵物健康牌照.png
  artifactKey: Guid(518d43227f0d33940a92b61ad7d922d3) Importer(815301076,1909f56bfc062723c751e8b465ee728b)
Start importing Assets/Game/Textures/UI/Paper/寵物健康牌照.png using Guid(518d43227f0d33940a92b61ad7d922d3) Importer(815301076,1909f56bfc062723c751e8b465ee728b)  -> (artifact id: 'ae2ccd4720e91e134929cedfb400cccb') in 0.172464 seconds 
========================================================================
Received Import Request.
  Time since last request: 0.000032 seconds.
  path: Assets/Game/Textures/UI/Paper/特別許可證.png
  artifactKey: Guid(deb93e1c103af5641892c7f841274703) Importer(815301076,1909f56bfc062723c751e8b465ee728b)
Start importing Assets/Game/Textures/UI/Paper/特別許可證.png using Guid(deb93e1c103af5641892c7f841274703) Importer(815301076,1909f56bfc062723c751e8b465ee728b)  -> (artifact id: '5ab8158614e474150301f7242a97dac7') in 0.174789 seconds 
========================================================================
Received Prepare
Registering precompiled user dll's ...
Registered in 0.010600 seconds.
Begin MonoManager ReloadAssembly
Symbol file LoadedFromMemory doesn't match image C:\work\Unity\Project\PetTradeGame\PetTradeGame\Library\PackageCache\com.unity.visualscripting@1.7.6\Editor\VisualScripting.Core\Dependencies\YamlDotNet\Unity.VisualScripting.YamlDotNet.dll
Symbol file LoadedFromMemory doesn't match image C:\work\Unity\Project\PetTradeGame\PetTradeGame\Library\PackageCache\com.unity.visualscripting@1.7.6\Editor\VisualScripting.Core\Dependencies\DotNetZip\Unity.VisualScripting.IonicZip.dll
Native extension for WindowsStandalone target not found
Refreshing native plugins compatible for Editor in 0.79 ms, found 4 plugins.
Preloading 0 native plugins for Editor in 0.00 ms.
Mono: successfully reloaded assembly
- Completed reload, in  1.052 seconds
Domain Reload Profiling:
	ReloadAssembly (1053ms)
		BeginReloadAssembly (141ms)
			ExecutionOrderSort (0ms)
			DisableScriptedObjects (5ms)
			BackupInstance (0ms)
			ReleaseScriptingObjects (0ms)
			CreateAndSetChildDomain (38ms)
		EndReloadAssembly (816ms)
			LoadAssemblies (85ms)
			RebuildTransferFunctionScriptingTraits (0ms)
			SetupTypeCache (201ms)
			ReleaseScriptCaches (1ms)
			RebuildScriptCaches (42ms)
			SetupLoadedEditorAssemblies (409ms)
				LogAssemblyErrors (0ms)
				InitializePlatformSupportModulesInManaged (11ms)
				SetLoadedEditorAssemblies (0ms)
				RefreshPlugins (1ms)
				BeforeProcessingInitializeOnLoad (71ms)
				ProcessInitializeOnLoadAttributes (283ms)
				ProcessInitializeOnLoadMethodAttributes (32ms)
				AfterProcessingInitializeOnLoad (9ms)
				EditorAssembliesLoaded (0ms)
			ExecutionOrderSort2 (0ms)
			AwakeInstancesAfterBackupRestoration (13ms)
Platform modules already initialized, skipping
Refreshing native plugins compatible for Editor in 1.13 ms, found 4 plugins.
Preloading 0 native plugins for Editor in 0.00 ms.
Unloading 3932 Unused Serialized files (Serialized files now loaded: 0)
Unloading 35 unused Assets / (193.8 KB). Loaded Objects now: 4593.
Memory consumption went from 215.7 MB to 215.5 MB.
Total: 3.213700 ms (FindLiveObjects: 0.348000 ms CreateObjectMapping: 0.100100 ms MarkObjects: 2.644500 ms  DeleteObjects: 0.120000 ms)

AssetImportParameters requested are different than current active one (requested -> active):
  custom:video-decoder-ogg-theora: a1e56fd34408186e4bbccfd4996cb3dc -> 
  custom:container-muxer-webm: aa71ff27fc2769a1b78a27578f13a17b -> 
  custom:container-demuxer-webm: 4f35f7cbe854078d1ac9338744f61a02 -> 
  custom:video-encoder-webm-vp8: eb34c28f22e8b96e1ab97ce403110664 -> 
  custom:audio-encoder-webm-vorbis: bf7c407c2cedff20999df2af8eb42d56 -> 
  custom:framework-win-MediaFoundation: 216162199b28c13a410421893ffa2e32 -> 
  custom:container-demuxer-ogg: 62fdf1f143b41e24485cea50d1cbac27 -> 
  custom:video-decoder-webm-vp8: 9c59270c3fd7afecdb556c50c9e8de78 -> 
  custom:audio-decoder-ogg-vorbis: bf7c407c2cedff20999df2af8eb42d56 -> 
========================================================================
Received Prepare
Registering precompiled user dll's ...
Registered in 0.008213 seconds.
Begin MonoManager ReloadAssembly
Symbol file LoadedFromMemory doesn't match image C:\work\Unity\Project\PetTradeGame\PetTradeGame\Library\PackageCache\com.unity.visualscripting@1.7.6\Editor\VisualScripting.Core\Dependencies\YamlDotNet\Unity.VisualScripting.YamlDotNet.dll
Symbol file LoadedFromMemory doesn't match image C:\work\Unity\Project\PetTradeGame\PetTradeGame\Library\PackageCache\com.unity.visualscripting@1.7.6\Editor\VisualScripting.Core\Dependencies\DotNetZip\Unity.VisualScripting.IonicZip.dll
Native extension for WindowsStandalone target not found
Refreshing native plugins compatible for Editor in 0.77 ms, found 4 plugins.
Preloading 0 native plugins for Editor in 0.00 ms.
Mono: successfully reloaded assembly
- Completed reload, in  0.950 seconds
Domain Reload Profiling:
	ReloadAssembly (951ms)
		BeginReloadAssembly (120ms)
			ExecutionOrderSort (0ms)
			DisableScriptedObjects (7ms)
			BackupInstance (0ms)
			ReleaseScriptingObjects (0ms)
			CreateAndSetChildDomain (31ms)
		EndReloadAssembly (744ms)
			LoadAssemblies (75ms)
			RebuildTransferFunctionScriptingTraits (0ms)
			SetupTypeCache (195ms)
			ReleaseScriptCaches (1ms)
			RebuildScriptCaches (39ms)
			SetupLoadedEditorAssemblies (393ms)
				LogAssemblyErrors (0ms)
				InitializePlatformSupportModulesInManaged (12ms)
				SetLoadedEditorAssemblies (0ms)
				RefreshPlugins (1ms)
				BeforeProcessingInitializeOnLoad (70ms)
				ProcessInitializeOnLoadAttributes (273ms)
				ProcessInitializeOnLoadMethodAttributes (28ms)
				AfterProcessingInitializeOnLoad (8ms)
				EditorAssembliesLoaded (0ms)
			ExecutionOrderSort2 (0ms)
			AwakeInstancesAfterBackupRestoration (13ms)
Platform modules already initialized, skipping
Refreshing native plugins compatible for Editor in 0.87 ms, found 4 plugins.
Preloading 0 native plugins for Editor in 0.00 ms.
Unloading 3921 Unused Serialized files (Serialized files now loaded: 0)
Unloading 35 unused Assets / (193.0 KB). Loaded Objects now: 4595.
Memory consumption went from 215.2 MB to 215.0 MB.
Total: 3.235400 ms (FindLiveObjects: 0.317800 ms CreateObjectMapping: 0.099700 ms MarkObjects: 2.687600 ms  DeleteObjects: 0.129600 ms)

AssetImportParameters requested are different than current active one (requested -> active):
  custom:video-decoder-ogg-theora: a1e56fd34408186e4bbccfd4996cb3dc -> 
  custom:container-muxer-webm: aa71ff27fc2769a1b78a27578f13a17b -> 
  custom:container-demuxer-webm: 4f35f7cbe854078d1ac9338744f61a02 -> 
  custom:video-encoder-webm-vp8: eb34c28f22e8b96e1ab97ce403110664 -> 
  custom:audio-encoder-webm-vorbis: bf7c407c2cedff20999df2af8eb42d56 -> 
  custom:framework-win-MediaFoundation: 216162199b28c13a410421893ffa2e32 -> 
  custom:container-demuxer-ogg: 62fdf1f143b41e24485cea50d1cbac27 -> 
  custom:video-decoder-webm-vp8: 9c59270c3fd7afecdb556c50c9e8de78 -> 
  custom:audio-decoder-ogg-vorbis: bf7c407c2cedff20999df2af8eb42d56 -> 
========================================================================
Received Import Request.
  Time since last request: 1504.074612 seconds.
  path: Assets/Game/Scripts/Common/UI/LayoutAnchor.cs
  artifactKey: Guid(4207901b41c9daa4b89292adefd8835c) Importer(815301076,1909f56bfc062723c751e8b465ee728b)
Start importing Assets/Game/Scripts/Common/UI/LayoutAnchor.cs using Guid(4207901b41c9daa4b89292adefd8835c) Importer(815301076,1909f56bfc062723c751e8b465ee728b)  -> (artifact id: '5e94ac77f7a2c146e35ea84d5ee31116') in 0.012796 seconds 
