Unity Editor version:    2021.2.7f1 (6bd9e232123f)
Branch:                  2021.2/staging
Build type:              Release
Batch mode:              YES
macOS version:           Version 12.1 (Build 21C52)
Darwin version:          21.2.0
Architecture:            arm64
Running under Rosetta:   NO
Available memory:        32768 MB
Using pre-set license
Pro License: NO

COMMAND LINE ARGUMENTS:
/Applications/Unity/Hub/Editor/2021.2.7f1/Unity.app/Contents/MacOS/Unity
-adb2
-batchMode
-noUpm
-name
AssetImportWorker0
-projectPath
/Users/d_harisael/Work/Unity/Project/PetTradeGame/PetTradeGame
-logFile
Logs/AssetImportWorker0.log
-srvPort
50840
Successfully changed project path to: /Users/d_harisael/Work/Unity/Project/PetTradeGame/PetTradeGame
/Users/d_harisael/Work/Unity/Project/PetTradeGame/PetTradeGame
[UnityMemory] Configuration Parameters - Can be set up in boot.config
    "memorysetup-bucket-allocator-granularity=16"
    "memorysetup-bucket-allocator-bucket-count=8"
    "memorysetup-bucket-allocator-block-size=33554432"
    "memorysetup-bucket-allocator-block-count=8"
    "memorysetup-main-allocator-block-size=16777216"
    "memorysetup-thread-allocator-block-size=16777216"
    "memorysetup-gfx-main-allocator-block-size=16777216"
    "memorysetup-gfx-thread-allocator-block-size=16777216"
    "memorysetup-cache-allocator-block-size=4194304"
    "memorysetup-typetree-allocator-block-size=2097152"
    "memorysetup-profiler-bucket-allocator-granularity=16"
    "memorysetup-profiler-bucket-allocator-bucket-count=8"
    "memorysetup-profiler-bucket-allocator-block-size=33554432"
    "memorysetup-profiler-bucket-allocator-block-count=8"
    "memorysetup-profiler-allocator-block-size=16777216"
    "memorysetup-profiler-editor-allocator-block-size=1048576"
    "memorysetup-temp-allocator-size-main=16777216"
    "memorysetup-job-temp-allocator-block-size=2097152"
    "memorysetup-job-temp-allocator-block-size-background=1048576"
    "memorysetup-job-temp-allocator-reduction-small-platforms=262144"
    "memorysetup-temp-allocator-size-background-worker=32768"
    "memorysetup-temp-allocator-size-job-worker=262144"
    "memorysetup-temp-allocator-size-preload-manager=33554432"
    "memorysetup-temp-allocator-size-nav-mesh-worker=65536"
    "memorysetup-temp-allocator-size-audio-worker=65536"
    "memorysetup-temp-allocator-size-cloud-worker=32768"
    "memorysetup-temp-allocator-size-gi-baking-worker=262144"
    "memorysetup-temp-allocator-size-gfx=262144"
Refreshing native plugins compatible for Editor in 68.87 ms, found 3 plugins.
Preloading 0 native plugins for Editor in 0.00 ms.
Initialize engine version: 2021.2.7f1 (6bd9e232123f)
[Subsystems] Discovering subsystems at path /Applications/Unity/Hub/Editor/2021.2.7f1/Unity.app/Contents/Resources/UnitySubsystems
[Subsystems] Discovering subsystems at path /Users/d_harisael/Work/Unity/Project/PetTradeGame/PetTradeGame/Assets
GfxDevice: creating device client; threaded=0; jobified=0
 preferred device: Apple M1 Max (high power)
Metal devices available: 1
0: Apple M1 Max (high power)
Using device Apple M1 Max (high power)
Initializing Metal device caps: Apple M1 Max
Initialize mono
Mono path[0] = '/Applications/Unity/Hub/Editor/2021.2.7f1/Unity.app/Contents/Managed'
Mono path[1] = '/Applications/Unity/Hub/Editor/2021.2.7f1/Unity.app/Contents/MonoBleedingEdge/lib/mono/unityjit-macos'
Mono config path = '/Applications/Unity/Hub/Editor/2021.2.7f1/Unity.app/Contents/MonoBleedingEdge/etc'
Using monoOptions --debugger-agent=transport=dt_socket,embedding=1,server=y,suspend=n,address=127.0.0.1:56666
Begin MonoManager ReloadAssembly
Registering precompiled unity dll's ...
Register platform support module: /Applications/Unity/Hub/Editor/2021.2.7f1/Unity.app/Contents/PlaybackEngines/MacStandaloneSupport/UnityEditor.OSXStandalone.Extensions.dll
Register platform support module: /Applications/Unity/Hub/Editor/2021.2.7f1/PlaybackEngines/WindowsStandaloneSupport/UnityEditor.WindowsStandalone.Extensions.dll
Registered in 0.000971 seconds.
Native extension for WindowsStandalone target not found
Native extension for OSXStandalone target not found
Refreshing native plugins compatible for Editor in 74.77 ms, found 3 plugins.
Preloading 0 native plugins for Editor in 0.00 ms.
Mono: successfully reloaded assembly
- Completed reload, in  0.367 seconds
Domain Reload Profiling:
	ReloadAssembly (367ms)
		BeginReloadAssembly (25ms)
			ExecutionOrderSort (0ms)
			DisableScriptedObjects (0ms)
			BackupInstance (0ms)
			ReleaseScriptingObjects (0ms)
			CreateAndSetChildDomain (0ms)
		EndReloadAssembly (294ms)
			LoadAssemblies (24ms)
			RebuildTransferFunctionScriptingTraits (0ms)
			SetupTypeCache (63ms)
			ReleaseScriptCaches (0ms)
			RebuildScriptCaches (19ms)
			SetupLoadedEditorAssemblies (183ms)
				LogAssemblyErrors (0ms)
				InitializePlatformSupportModulesInManaged (8ms)
				SetLoadedEditorAssemblies (0ms)
				RefreshPlugins (75ms)
				BeforeProcessingInitializeOnLoad (1ms)
				ProcessInitializeOnLoadAttributes (76ms)
				ProcessInitializeOnLoadMethodAttributes (23ms)
				AfterProcessingInitializeOnLoad (0ms)
				EditorAssembliesLoaded (0ms)
			ExecutionOrderSort2 (0ms)
			AwakeInstancesAfterBackupRestoration (0ms)
Platform modules already initialized, skipping
Registering precompiled user dll's ...
Registered in 0.002288 seconds.
Begin MonoManager ReloadAssembly
Symbol file LoadedFromMemory doesn't match image /Users/d_harisael/Work/Unity/Project/PetTradeGame/PetTradeGame/Library/PackageCache/com.unity.visualscripting@1.7.6/Editor/VisualScripting.Core/Dependencies/YamlDotNet/Unity.VisualScripting.YamlDotNet.dll
Symbol file LoadedFromMemory doesn't match image /Users/d_harisael/Work/Unity/Project/PetTradeGame/PetTradeGame/Library/PackageCache/com.unity.visualscripting@1.7.6/Editor/VisualScripting.Core/Dependencies/DotNetZip/Unity.VisualScripting.IonicZip.dll
Native extension for WindowsStandalone target not found
Native extension for OSXStandalone target not found
Refreshing native plugins compatible for Editor in 74.92 ms, found 3 plugins.
Preloading 0 native plugins for Editor in 0.00 ms.
Mono: successfully reloaded assembly
- Completed reload, in  2.063 seconds
Domain Reload Profiling:
	ReloadAssembly (2063ms)
		BeginReloadAssembly (50ms)
			ExecutionOrderSort (0ms)
			DisableScriptedObjects (3ms)
			BackupInstance (0ms)
			ReleaseScriptingObjects (0ms)
			CreateAndSetChildDomain (12ms)
		EndReloadAssembly (1956ms)
			LoadAssemblies (28ms)
			RebuildTransferFunctionScriptingTraits (0ms)
			SetupTypeCache (150ms)
			ReleaseScriptCaches (0ms)
			RebuildScriptCaches (37ms)
			SetupLoadedEditorAssemblies (1707ms)
				LogAssemblyErrors (0ms)
				InitializePlatformSupportModulesInManaged (5ms)
				SetLoadedEditorAssemblies (0ms)
				RefreshPlugins (75ms)
				BeforeProcessingInitializeOnLoad (62ms)
				ProcessInitializeOnLoadAttributes (1546ms)
				ProcessInitializeOnLoadMethodAttributes (17ms)
				AfterProcessingInitializeOnLoad (1ms)
				EditorAssembliesLoaded (0ms)
			ExecutionOrderSort2 (0ms)
			AwakeInstancesAfterBackupRestoration (2ms)
Platform modules already initialized, skipping
========================================================================
Worker process is ready to serve import requests
Launching external process: /Applications/Unity/Hub/Editor/2021.2.7f1/Unity.app/Contents/Tools/UnityShaderCompiler
Launched and connected shader compiler UnityShaderCompiler after 0.04 seconds
Refreshing native plugins compatible for Editor in 0.43 ms, found 3 plugins.
Preloading 0 native plugins for Editor in 0.00 ms.
Unloading 3974 Unused Serialized files (Serialized files now loaded: 0)
Unloading 40 unused Assets / (43.7 KB). Loaded Objects now: 4437.
Memory consumption went from 270.8 MB to 270.8 MB.
Total: 2.481125 ms (FindLiveObjects: 0.128709 ms CreateObjectMapping: 0.051916 ms MarkObjects: 2.233959 ms  DeleteObjects: 0.065833 ms)

AssetImportParameters requested are different than current active one (requested -> active):
  custom:video-decoder-ogg-theora: a1e56fd34408186e4bbccfd4996cb3dc -> 
  custom:container-muxer-webm: aa71ff27fc2769a1b78a27578f13a17b -> 
  custom:container-demuxer-webm: 4f35f7cbe854078d1ac9338744f61a02 -> 
  custom:video-encoder-webm-vp8: eb34c28f22e8b96e1ab97ce403110664 -> 
  custom:framework-osx-AVFoundation: e770b220cccbd017edd2c1fefb359320 -> 
  custom:audio-encoder-webm-vorbis: bf7c407c2cedff20999df2af8eb42d56 -> 
  custom:container-demuxer-ogg: 62fdf1f143b41e24485cea50d1cbac27 -> 
  custom:video-decoder-webm-vp8: 9c59270c3fd7afecdb556c50c9e8de78 -> 
  custom:audio-decoder-ogg-vorbis: bf7c407c2cedff20999df2af8eb42d56 -> 
========================================================================
Received Import Request.
  Time since last request: 36334.423324 seconds.
  path: Assets/Game/Scripts/Model/SpeakerData.cs
  artifactKey: Guid(8b05eef7065b4ea6a962b83ca1d51912) Importer(815301076,1909f56bfc062723c751e8b465ee728b)
Start importing Assets/Game/Scripts/Model/SpeakerData.cs using Guid(8b05eef7065b4ea6a962b83ca1d51912) Importer(815301076,1909f56bfc062723c751e8b465ee728b)  -> (artifact id: 'ff1ce029d094e5f4a335da7989f334ff') in 0.127287 seconds 
========================================================================
Received Prepare
Registering precompiled user dll's ...
Registered in 0.002192 seconds.
Begin MonoManager ReloadAssembly
Thread 0x2927a3000 may have been prematurely finalized
Symbol file LoadedFromMemory doesn't match image /Users/d_harisael/Work/Unity/Project/PetTradeGame/PetTradeGame/Library/PackageCache/com.unity.visualscripting@1.7.6/Editor/VisualScripting.Core/Dependencies/YamlDotNet/Unity.VisualScripting.YamlDotNet.dll
Symbol file LoadedFromMemory doesn't match image /Users/d_harisael/Work/Unity/Project/PetTradeGame/PetTradeGame/Library/PackageCache/com.unity.visualscripting@1.7.6/Editor/VisualScripting.Core/Dependencies/DotNetZip/Unity.VisualScripting.IonicZip.dll
Native extension for WindowsStandalone target not found
Native extension for OSXStandalone target not found
Refreshing native plugins compatible for Editor in 0.46 ms, found 3 plugins.
Preloading 0 native plugins for Editor in 0.00 ms.
Mono: successfully reloaded assembly
- Completed reload, in  0.632 seconds
Domain Reload Profiling:
	ReloadAssembly (632ms)
		BeginReloadAssembly (72ms)
			ExecutionOrderSort (0ms)
			DisableScriptedObjects (4ms)
			BackupInstance (0ms)
			ReleaseScriptingObjects (0ms)
			CreateAndSetChildDomain (30ms)
		EndReloadAssembly (500ms)
			LoadAssemblies (30ms)
			RebuildTransferFunctionScriptingTraits (0ms)
			SetupTypeCache (157ms)
			ReleaseScriptCaches (1ms)
			RebuildScriptCaches (31ms)
			SetupLoadedEditorAssemblies (244ms)
				LogAssemblyErrors (0ms)
				InitializePlatformSupportModulesInManaged (6ms)
				SetLoadedEditorAssemblies (0ms)
				RefreshPlugins (0ms)
				BeforeProcessingInitializeOnLoad (44ms)
				ProcessInitializeOnLoadAttributes (176ms)
				ProcessInitializeOnLoadMethodAttributes (18ms)
				AfterProcessingInitializeOnLoad (1ms)
				EditorAssembliesLoaded (0ms)
			ExecutionOrderSort2 (0ms)
			AwakeInstancesAfterBackupRestoration (3ms)
Platform modules already initialized, skipping
Switching build target platform(2) subTarget(0) extendedPlatform(0) -> platform(13) subTarget(0) extendedPlatform(0)
Refreshing native plugins compatible for Editor in 0.33 ms, found 3 plugins.
Preloading 0 native plugins for Editor in 0.00 ms.
Unloading 3953 Unused Serialized files (Serialized files now loaded: 0)
Unloading 29 unused Assets / (22.9 KB). Loaded Objects now: 4439.
Memory consumption went from 273.6 MB to 273.6 MB.
Total: 2.441125 ms (FindLiveObjects: 0.121375 ms CreateObjectMapping: 0.049333 ms MarkObjects: 2.251041 ms  DeleteObjects: 0.018625 ms)

AssetImportParameters requested are different than current active one (requested -> active):
  custom:video-decoder-ogg-theora: a1e56fd34408186e4bbccfd4996cb3dc -> 
  custom:container-muxer-webm: aa71ff27fc2769a1b78a27578f13a17b -> 
  custom:container-demuxer-webm: 4f35f7cbe854078d1ac9338744f61a02 -> 
  custom:video-encoder-webm-vp8: eb34c28f22e8b96e1ab97ce403110664 -> 
  custom:framework-osx-AVFoundation: e770b220cccbd017edd2c1fefb359320 -> 
  custom:audio-encoder-webm-vorbis: bf7c407c2cedff20999df2af8eb42d56 -> 
  custom:container-demuxer-ogg: 62fdf1f143b41e24485cea50d1cbac27 -> 
  custom:video-decoder-webm-vp8: 9c59270c3fd7afecdb556c50c9e8de78 -> 
  custom:audio-decoder-ogg-vorbis: bf7c407c2cedff20999df2af8eb42d56 -> 
========================================================================
Received Prepare
Registering precompiled user dll's ...
Registered in 0.001854 seconds.
Begin MonoManager ReloadAssembly
Thread 0x16cf8b000 may have been prematurely finalized
Symbol file LoadedFromMemory doesn't match image /Users/d_harisael/Work/Unity/Project/PetTradeGame/PetTradeGame/Library/PackageCache/com.unity.visualscripting@1.7.6/Editor/VisualScripting.Core/Dependencies/YamlDotNet/Unity.VisualScripting.YamlDotNet.dll
Symbol file LoadedFromMemory doesn't match image /Users/d_harisael/Work/Unity/Project/PetTradeGame/PetTradeGame/Library/PackageCache/com.unity.visualscripting@1.7.6/Editor/VisualScripting.Core/Dependencies/DotNetZip/Unity.VisualScripting.IonicZip.dll
Native extension for WindowsStandalone target not found
Native extension for OSXStandalone target not found
Refreshing native plugins compatible for Editor in 0.48 ms, found 3 plugins.
Preloading 0 native plugins for Editor in 0.00 ms.
Mono: successfully reloaded assembly
- Completed reload, in  0.594 seconds
Domain Reload Profiling:
	ReloadAssembly (594ms)
		BeginReloadAssembly (66ms)
			ExecutionOrderSort (0ms)
			DisableScriptedObjects (4ms)
			BackupInstance (0ms)
			ReleaseScriptingObjects (0ms)
			CreateAndSetChildDomain (26ms)
		EndReloadAssembly (472ms)
			LoadAssemblies (26ms)
			RebuildTransferFunctionScriptingTraits (0ms)
			SetupTypeCache (141ms)
			ReleaseScriptCaches (1ms)
			RebuildScriptCaches (32ms)
			SetupLoadedEditorAssemblies (235ms)
				LogAssemblyErrors (0ms)
				InitializePlatformSupportModulesInManaged (5ms)
				SetLoadedEditorAssemblies (0ms)
				RefreshPlugins (1ms)
				BeforeProcessingInitializeOnLoad (43ms)
				ProcessInitializeOnLoadAttributes (167ms)
				ProcessInitializeOnLoadMethodAttributes (17ms)
				AfterProcessingInitializeOnLoad (1ms)
				EditorAssembliesLoaded (0ms)
			ExecutionOrderSort2 (0ms)
			AwakeInstancesAfterBackupRestoration (3ms)
Platform modules already initialized, skipping
Switching build target platform(2) subTarget(0) extendedPlatform(0) -> platform(13) subTarget(0) extendedPlatform(0)
Refreshing native plugins compatible for Editor in 0.28 ms, found 3 plugins.
Preloading 0 native plugins for Editor in 0.00 ms.
Unloading 3953 Unused Serialized files (Serialized files now loaded: 0)
Unloading 29 unused Assets / (21.9 KB). Loaded Objects now: 4441.
Memory consumption went from 274.1 MB to 274.0 MB.
Total: 2.259500 ms (FindLiveObjects: 0.108791 ms CreateObjectMapping: 0.045000 ms MarkObjects: 2.092833 ms  DeleteObjects: 0.012125 ms)

AssetImportParameters requested are different than current active one (requested -> active):
  custom:video-decoder-ogg-theora: a1e56fd34408186e4bbccfd4996cb3dc -> 
  custom:container-muxer-webm: aa71ff27fc2769a1b78a27578f13a17b -> 
  custom:container-demuxer-webm: 4f35f7cbe854078d1ac9338744f61a02 -> 
  custom:video-encoder-webm-vp8: eb34c28f22e8b96e1ab97ce403110664 -> 
  custom:framework-osx-AVFoundation: e770b220cccbd017edd2c1fefb359320 -> 
  custom:audio-encoder-webm-vorbis: bf7c407c2cedff20999df2af8eb42d56 -> 
  custom:container-demuxer-ogg: 62fdf1f143b41e24485cea50d1cbac27 -> 
  custom:video-decoder-webm-vp8: 9c59270c3fd7afecdb556c50c9e8de78 -> 
  custom:audio-decoder-ogg-vorbis: bf7c407c2cedff20999df2af8eb42d56 -> 
========================================================================
Received Import Request.
  Time since last request: 400.936114 seconds.
  path: Assets/Resources/Conversations/test.asset
  artifactKey: Guid(7b82db6b4903d46cba5b7b5269d9fa01) Importer(815301076,1909f56bfc062723c751e8b465ee728b)
Start importing Assets/Resources/Conversations/test.asset using Guid(7b82db6b4903d46cba5b7b5269d9fa01) Importer(815301076,1909f56bfc062723c751e8b465ee728b)  -> (artifact id: '4af4f4e9c06d1f77d92a13161ed3672a') in 0.476005 seconds 
========================================================================
Received Import Request.
  Time since last request: 7.511675 seconds.
  path: Assets/Resources/Conversations/Intro Test.asset
  artifactKey: Guid(7b82db6b4903d46cba5b7b5269d9fa01) Importer(815301076,1909f56bfc062723c751e8b465ee728b)
Start importing Assets/Resources/Conversations/Intro Test.asset using Guid(7b82db6b4903d46cba5b7b5269d9fa01) Importer(815301076,1909f56bfc062723c751e8b465ee728b)  -> (artifact id: '0747a1b2b1f52d77c30172adc5647400') in 0.001422 seconds 
========================================================================
Received Import Request.
  Time since last request: 140.990500 seconds.
  path: Assets/Game/Textures/UI/天竺鼠_inMontior.png
  artifactKey: Guid(97ca126a45eac8d4287706a0a7093bf3) Importer(815301076,1909f56bfc062723c751e8b465ee728b)
Start importing Assets/Game/Textures/UI/天竺鼠_inMontior.png using Guid(97ca126a45eac8d4287706a0a7093bf3) Importer(815301076,1909f56bfc062723c751e8b465ee728b)  -> (artifact id: 'cf4617535654d1afd398dd4897a26d75') in 0.543710 seconds 
========================================================================
Received Import Request.
  Time since last request: 0.000058 seconds.
  path: Assets/Game/Textures/UI/花龜_inMontior.png
  artifactKey: Guid(b32ae302ae6e672478c66acfa6ed3f9f) Importer(815301076,1909f56bfc062723c751e8b465ee728b)
Start importing Assets/Game/Textures/UI/花龜_inMontior.png using Guid(b32ae302ae6e672478c66acfa6ed3f9f) Importer(815301076,1909f56bfc062723c751e8b465ee728b)  -> (artifact id: '4c6f1cd34a05b5a293fadf3bd01e6b1b') in 0.187015 seconds 
========================================================================
Received Import Request.
  Time since last request: 0.000063 seconds.
  path: Assets/Game/Textures/UI/緬甸蟒蛇_inMontior.png
  artifactKey: Guid(579e089c0cb536849984cdd9fd17fdab) Importer(815301076,1909f56bfc062723c751e8b465ee728b)
Start importing Assets/Game/Textures/UI/緬甸蟒蛇_inMontior.png using Guid(579e089c0cb536849984cdd9fd17fdab) Importer(815301076,1909f56bfc062723c751e8b465ee728b)  -> (artifact id: '3d6f23d4447491ac7026d6e60a98d472') in 0.156542 seconds 
========================================================================
Received Import Request.
  Time since last request: 0.000049 seconds.
  path: Assets/Game/Textures/UI/緬甸蟒蛇_Photo.png
  artifactKey: Guid(5f03249312b41b44eb257f6fb92d2c93) Importer(815301076,1909f56bfc062723c751e8b465ee728b)
Start importing Assets/Game/Textures/UI/緬甸蟒蛇_Photo.png using Guid(5f03249312b41b44eb257f6fb92d2c93) Importer(815301076,1909f56bfc062723c751e8b465ee728b)  -> (artifact id: '182f3014488880eef62f42ee742e2ac0') in 0.104565 seconds 
========================================================================
Received Import Request.
  Time since last request: 0.000041 seconds.
  path: Assets/Game/Textures/UI/布偶貓_inMontior.png
  artifactKey: Guid(baef187991672804eb0bc5b812611e61) Importer(815301076,1909f56bfc062723c751e8b465ee728b)
Start importing Assets/Game/Textures/UI/布偶貓_inMontior.png using Guid(baef187991672804eb0bc5b812611e61) Importer(815301076,1909f56bfc062723c751e8b465ee728b)  -> (artifact id: '6a49d36c0ccd9ea6b2d06d6c3b68fa52') in 0.133089 seconds 
========================================================================
Received Import Request.
  Time since last request: 0.000036 seconds.
  path: Assets/Game/Textures/UI/貴賓犬_Photo.png
  artifactKey: Guid(b4033325b5db37a4d8434e681cce974c) Importer(815301076,1909f56bfc062723c751e8b465ee728b)
Start importing Assets/Game/Textures/UI/貴賓犬_Photo.png using Guid(b4033325b5db37a4d8434e681cce974c) Importer(815301076,1909f56bfc062723c751e8b465ee728b)  -> (artifact id: 'e5b3158d1f70c89e064640cca479c734') in 0.146214 seconds 
========================================================================
Received Import Request.
  Time since last request: 0.000061 seconds.
  path: Assets/Game/Textures/UI/貴賓犬_inMontior.png
  artifactKey: Guid(dcd0e13405ac2d249a8cb07ee05ed54b) Importer(815301076,1909f56bfc062723c751e8b465ee728b)
Start importing Assets/Game/Textures/UI/貴賓犬_inMontior.png using Guid(dcd0e13405ac2d249a8cb07ee05ed54b) Importer(815301076,1909f56bfc062723c751e8b465ee728b)  -> (artifact id: '55b5f4b29c5af1e698166468a0ad205c') in 0.173432 seconds 
========================================================================
Received Import Request.
  Time since last request: 0.000054 seconds.
  path: Assets/Game/Textures/UI/花龜_Photo.png
  artifactKey: Guid(3dafc9fba82207949bcbec39eea19789) Importer(815301076,1909f56bfc062723c751e8b465ee728b)
Start importing Assets/Game/Textures/UI/花龜_Photo.png using Guid(3dafc9fba82207949bcbec39eea19789) Importer(815301076,1909f56bfc062723c751e8b465ee728b)  -> (artifact id: '8bf25f57f9a6c217f46d83f9bee81ff2') in 0.175184 seconds 
========================================================================
Received Import Request.
  Time since last request: 0.000041 seconds.
  path: Assets/Game/Textures/UI/獅子兔_inMontior.png
  artifactKey: Guid(d4a812407488ddf4297146e9849212c3) Importer(815301076,1909f56bfc062723c751e8b465ee728b)
Start importing Assets/Game/Textures/UI/獅子兔_inMontior.png using Guid(d4a812407488ddf4297146e9849212c3) Importer(815301076,1909f56bfc062723c751e8b465ee728b)  -> (artifact id: '17951601b1eb31c98793a9aac4d545b5') in 0.184135 seconds 
========================================================================
Received Import Request.
  Time since last request: 0.000043 seconds.
  path: Assets/Game/Textures/UI/鵝_Photo.png
  artifactKey: Guid(835907ed1c0e7de45bb0058134867054) Importer(815301076,1909f56bfc062723c751e8b465ee728b)
Start importing Assets/Game/Textures/UI/鵝_Photo.png using Guid(835907ed1c0e7de45bb0058134867054) Importer(815301076,1909f56bfc062723c751e8b465ee728b)  -> (artifact id: '33d4e6689594a436d65d7139546af642') in 0.199326 seconds 
========================================================================
Received Import Request.
  Time since last request: 0.000034 seconds.
  path: Assets/Game/Textures/UI/獅子兔_Photo.png
  artifactKey: Guid(28035a720412048488fe3ec05c4c97d5) Importer(815301076,1909f56bfc062723c751e8b465ee728b)
Start importing Assets/Game/Textures/UI/獅子兔_Photo.png using Guid(28035a720412048488fe3ec05c4c97d5) Importer(815301076,1909f56bfc062723c751e8b465ee728b)  -> (artifact id: '5f7a62b4fa2e7b23a23e2f4618e7579b') in 0.145105 seconds 
========================================================================
Received Import Request.
  Time since last request: 0.000037 seconds.
  path: Assets/Game/Textures/UI/緬甸蟒蛇2_Photo.png
  artifactKey: Guid(08b212523a1836943a06ad81210ef0d2) Importer(815301076,1909f56bfc062723c751e8b465ee728b)
Start importing Assets/Game/Textures/UI/緬甸蟒蛇2_Photo.png using Guid(08b212523a1836943a06ad81210ef0d2) Importer(815301076,1909f56bfc062723c751e8b465ee728b)  -> (artifact id: '86c8dfa7d65b1ec3639b3070a9790d3c') in 0.189663 seconds 
Editor requested this worker to shutdown with reason: Scaling down because of idle timeout
AssetImportWorker is now disconnected from the server
Process exiting
